================================================================================
Appcelerator Titanium Diagnostics Build Log
The contents of this file are useful to send to Appcelerator Support if
reporting an issue to help us understand your environment, build settings
and aid in debugging. Please attach this log to any issue that you report.
================================================================================

Starting build at 06/25/12 15:31

Build details:

   timestamp=03/20/12 18:32
   version=1.7.6
   githash=1e5f126


Script arguments:
   /Users/andriybazyuta/Library/Application Support/Titanium/mobilesdk/osx/1.7.6/iphone/builder.py
   simulator
   4.3
   /Users/andriybazyuta/Documents/Titanium Studio Workspace/Groupees
   com.groupees.mobile
   Groupees
   iphone
   iphone
   

Building from: /Users/andriybazyuta/Library/Application Support/Titanium/mobilesdk/osx/1.7.6/iphone
Platform: Darwin Kernel Version 11.3.0: Thu Jan 12 18:47:41 PST 2012; root:xnu-1699.24.23~1/RELEASE_X86_64

Xcode path is: /Developer

[INFO] Detected third-party module: ti.soundsampler/1.0[INFO] Detected third-party module: ti.paypal/1.5
githash=1e5f126, existing_git_hash=1e5f126
writing contents of /Users/andriybazyuta/Documents/Titanium Studio Workspace/Groupees/build/iphone/project.xcconfig:

TI_VERSION=1.7.6
TI_SDK_DIR=/Users/andriybazyuta/Library/Application Support/Titanium/mobilesdk/osx/$(TI_VERSION)/iphone
TI_APPID=com.groupees.mobile
OTHER_LDFLAGS[sdk=iphoneos*]=$(inherited) -weak_framework iAd
OTHER_LDFLAGS[sdk=iphonesimulator*]=$(inherited) -weak_framework iAd
#include "module"

old contents


Generated the following stylecode code:

<?xml version="1.0" encoding="UTF-8"?>
<!DOCTYPE plist PUBLIC "-//Apple//DTD PLIST 1.0//EN" "http://www.apple.com/DTDs/PropertyList-1.0.dtd">
<plist version="1.0">
	<dict>
		<key>classes</key>
		<dict>
</dict>

		<key>classes_density</key>
		<dict>
</dict>

		<key>ids</key>
		<dict>
</dict>

		<key>ids_density</key>
		<dict>
</dict>

		<key>tags</key>
		<dict>
</dict>

		<key>tags_density</key>
		<dict>
</dict>

	</dict>
</plist>
Finishing build
